<?xml version="1.0" encoding="UTF-8"?>
<!-- Generated by org.testng.reporters.JUnitXMLReporter -->
<testsuite hostname="DESKTOP-TQEA3MJ" ignored="0" name="Test" tests="5" failures="0" timestamp="13 Nov 2018 10:36:09 GMT" time="0.024" errors="0">
  <testcase name="m11" time="0.005" classname="package1.Parenttest"/>
  <testcase name="m12" time="0.0" classname="package1.Parenttest"/>
  <testcase name="m11" time="0.0" classname="pomxmltest2.parenttest2"/>
  <testcase name="m12" time="0.0" classname="pomxmltest2.parenttest2"/>
  <testcase name="m13" time="0.001" classname="pomxmltest2.parenttest2"/>
</testsuite> <!-- Test -->
