<?xml version="1.0" encoding="UTF-8"?>
<testng-results skipped="0" failed="0" ignored="0" total="5" passed="5">
  <reporter-output>
  </reporter-output>
  <suite name="Suite" duration-ms="24" started-at="2018-11-13T10:36:09Z" finished-at="2018-11-13T10:36:09Z">
    <groups>
    </groups>
    <test name="Test" duration-ms="24" started-at="2018-11-13T10:36:09Z" finished-at="2018-11-13T10:36:09Z">
      <class name="pomxmltest2.parenttest2">
        <test-method status="PASS" signature="m13()[pri:0, instance:pomxmltest2.parenttest2@59a6e353]" name="m13" duration-ms="1" started-at="2018-11-13T16:06:09Z" finished-at="2018-11-13T16:06:09Z">
          <reporter-output>
          </reporter-output>
        </test-method> <!-- m13 -->
        <test-method status="PASS" signature="m12()[pri:0, instance:pomxmltest2.parenttest2@59a6e353]" name="m12" duration-ms="0" started-at="2018-11-13T16:06:09Z" finished-at="2018-11-13T16:06:09Z">
          <reporter-output>
          </reporter-output>
        </test-method> <!-- m12 -->
        <test-method status="PASS" signature="m11()[pri:0, instance:pomxmltest2.parenttest2@59a6e353]" name="m11" duration-ms="0" started-at="2018-11-13T16:06:09Z" finished-at="2018-11-13T16:06:09Z">
          <reporter-output>
          </reporter-output>
        </test-method> <!-- m11 -->
      </class> <!-- pomxmltest2.parenttest2 -->
      <class name="package1.Parenttest">
        <test-method status="PASS" signature="m11()[pri:0, instance:package1.Parenttest@17c68925]" name="m11" duration-ms="5" started-at="2018-11-13T16:06:09Z" finished-at="2018-11-13T16:06:09Z">
          <reporter-output>
          </reporter-output>
        </test-method> <!-- m11 -->
        <test-method status="PASS" signature="m12()[pri:0, instance:package1.Parenttest@17c68925]" name="m12" duration-ms="0" started-at="2018-11-13T16:06:09Z" finished-at="2018-11-13T16:06:09Z">
          <reporter-output>
          </reporter-output>
        </test-method> <!-- m12 -->
      </class> <!-- package1.Parenttest -->
    </test> <!-- Test -->
  </suite> <!-- Suite -->
</testng-results>
