<?xml version="1.0" encoding="UTF-8"?>
<testng-results skipped="0" failed="0" ignored="0" total="4" passed="4">
  <reporter-output>
  </reporter-output>
  <suite name="Suite" duration-ms="32" started-at="2018-11-13T05:04:41Z" finished-at="2018-11-13T05:04:41Z">
    <groups>
    </groups>
    <test name="Test" duration-ms="32" started-at="2018-11-13T05:04:41Z" finished-at="2018-11-13T05:04:41Z">
      <class name="pomxmltest2.parenttest2">
        <test-method status="PASS" signature="m11()[pri:0, instance:pomxmltest2.parenttest2@4590c9c3]" name="m11" duration-ms="1" started-at="2018-11-13T10:34:41Z" finished-at="2018-11-13T10:34:41Z">
          <reporter-output>
          </reporter-output>
        </test-method> <!-- m11 -->
        <test-method status="PASS" signature="m12()[pri:0, instance:pomxmltest2.parenttest2@4590c9c3]" name="m12" duration-ms="0" started-at="2018-11-13T10:34:41Z" finished-at="2018-11-13T10:34:41Z">
          <reporter-output>
          </reporter-output>
        </test-method> <!-- m12 -->
      </class> <!-- pomxmltest2.parenttest2 -->
      <class name="package1.Parenttest">
        <test-method status="PASS" signature="m11()[pri:0, instance:package1.Parenttest@3c09711b]" name="m11" duration-ms="9" started-at="2018-11-13T10:34:41Z" finished-at="2018-11-13T10:34:41Z">
          <reporter-output>
          </reporter-output>
        </test-method> <!-- m11 -->
        <test-method status="PASS" signature="m12()[pri:0, instance:package1.Parenttest@3c09711b]" name="m12" duration-ms="1" started-at="2018-11-13T10:34:41Z" finished-at="2018-11-13T10:34:41Z">
          <reporter-output>
          </reporter-output>
        </test-method> <!-- m12 -->
      </class> <!-- package1.Parenttest -->
    </test> <!-- Test -->
  </suite> <!-- Suite -->
</testng-results>
